<?xml version="1.0" encoding="UTF-8"?>
<!-- Generated by org.testng.reporters.JUnitXMLReporter -->
<testsuite ignored="3" hostname="Sam-Personal" failures="3" tests="13" name="Dashboard" time="279.965" errors="0" timestamp="2022-06-13T14:14:54 IST">
  <testcase classname="testCases.BulkActionsTest" name="verifyNewlyUploadedFileReflectsInListTest" time="13.17"/>
  <testcase classname="testCases.BulkActionsTest" name="verifyUserAbleToUploadCsvTypeFileTest" time="8.977"/>
  <testcase classname="testCases.BulkActionsTest" name="verifyUserAbleToUploadExcelTypeFile" time="8.259">
    <failure type="java.lang.AssertionError" message="The following asserts failed:
	Excel type file not accepted expected [true] but found [false]">
      <![CDATA[java.lang.AssertionError: The following asserts failed:
Excel type file not accepted expected [true] but found [false]
at testCases.BulkActionsTest.verifyUserAbleToUploadExcelTypeFile(BulkActionsTest.java:37)
at java.base/java.util.ArrayList.forEach(ArrayList.java:1541)
... Removed 33 stack frames]]>
    </failure>
  </testcase> <!-- verifyUserAbleToUploadExcelTypeFile -->
  <testcase classname="testCases.BulkActionsTest" name="verifyUserAbleToUploadTxtTypeFileTest" time="8.46">
    <failure type="java.lang.AssertionError" message="The following asserts failed:
	Text type file not accepted expected [true] but found [false]">
      <![CDATA[java.lang.AssertionError: The following asserts failed:
Text type file not accepted expected [true] but found [false]
at testCases.BulkActionsTest.verifyUserAbleToUploadTxtTypeFileTest(BulkActionsTest.java:51)
at java.base/java.util.ArrayList.forEach(ArrayList.java:1541)
... Removed 33 stack frames]]>
    </failure>
  </testcase> <!-- verifyUserAbleToUploadTxtTypeFileTest -->
  <testcase classname="testCases.BulkActionsTest" name="verifyUserNotAbleToUploadPDFTypeFileTest" time="8.376"/>
  <testcase classname="testCases.OverviewTest" name="verifyAdminHasSufficientPermissionToVisitBulkFileUploadPage" time="3.43"/>
  <testcase classname="testCases.OverviewTest" name="verifyRewardAdminDoesNotHaveAccessToOtherSectionsTest" time="102.732"/>
  <testcase classname="testCases.OverviewTest" name="verifyRewardAdminHasSufficientPermissionToCreateRewardTest" time="2.49"/>
  <testcase classname="testCases.RewardsTest" name="newlyCreatedRewardPresentInListTest" time="15.013"/>
  <testcase classname="testCases.RewardsTest" name="verifyClickingCreateNewButtonLeadsToRewardCreationPageTest" time="5.049"/>
  <testcase classname="testCases.RewardCreationTest" name="verifyBrandsTagsCategoriesLabelsFieldDisappersInPrivateTypeRewardTest" time="9.698">
    <failure type="java.lang.AssertionError" message="The following asserts failed:
	fields did not disappear on private type of reward expected [true] but found [false]">
      <![CDATA[java.lang.AssertionError: The following asserts failed:
fields did not disappear on private type of reward expected [true] but found [false]
at testCases.RewardCreationTest.verifyBrandsTagsCategoriesLabelsFieldDisappersInPrivateTypeRewardTest(RewardCreationTest.java:65)
at java.base/java.util.ArrayList.forEach(ArrayList.java:1541)
... Removed 33 stack frames]]>
    </failure>
  </testcase> <!-- verifyBrandsTagsCategoriesLabelsFieldDisappersInPrivateTypeRewardTest -->
  <testcase classname="testCases.RewardCreationTest" name="verifyRewardValidityPeriodHaveBothStartAndEndDatesTest" time="8.62"/>
  <testcase classname="testCases.RewardCreationTest" name="verifySuccessfulSubmissionHappensOnlyWhenPayloadContainsMandInfoTest" time="14.367"/>
  <testcase classname="commons.TestBase" name="@BeforeSuite startLogs" time="0.0">
    <ignored/>
  </testcase> <!-- @BeforeSuite startLogs -->
  <testcase classname="commons.TestBase" name="@BeforeSuite startLogs" time="0.0">
    <ignored/>
  </testcase> <!-- @BeforeSuite startLogs -->
  <testcase classname="commons.TestBase" name="@BeforeSuite startLogs" time="0.0">
    <ignored/>
  </testcase> <!-- @BeforeSuite startLogs -->
</testsuite> <!-- Dashboard -->
