<?xml version="1.0" encoding="UTF-8"?>
<testsuite xmlns:xsi="http://www.w3.org/2001/XMLSchema-instance" xsi:noNamespaceSchemaLocation="https://maven.apache.org/surefire/maven-surefire-plugin/xsd/surefire-test-report-3.0.xsd" version="3.0" name="TestSuite" time="283.208" tests="13" errors="0" skipped="0" failures="3">
  <properties>
    <property name="sun.desktop" value="windows"/>
    <property name="awt.toolkit" value="sun.awt.windows.WToolkit"/>
    <property name="java.specification.version" value="11"/>
    <property name="webdriver.chrome.driver" value="C:\Users\samle\.cache\selenium\chromedriver\win32\102.0.5005.61\chromedriver.exe"/>
    <property name="sun.cpu.isalist" value="amd64"/>
    <property name="sun.jnu.encoding" value="Cp1252"/>
    <property name="java.class.path" value="C:\Users\samle\Downloads\PerxTech\target\test-classes;C:\Users\samle\Downloads\PerxTech\target\classes;C:\Users\samle\.m2\repository\org\seleniumhq\selenium\selenium-java\3.141.59\selenium-java-3.141.59.jar;C:\Users\samle\.m2\repository\org\seleniumhq\selenium\selenium-api\3.141.59\selenium-api-3.141.59.jar;C:\Users\samle\.m2\repository\org\seleniumhq\selenium\selenium-chrome-driver\3.141.59\selenium-chrome-driver-3.141.59.jar;C:\Users\samle\.m2\repository\org\seleniumhq\selenium\selenium-edge-driver\3.141.59\selenium-edge-driver-3.141.59.jar;C:\Users\samle\.m2\repository\org\seleniumhq\selenium\selenium-firefox-driver\3.141.59\selenium-firefox-driver-3.141.59.jar;C:\Users\samle\.m2\repository\org\seleniumhq\selenium\selenium-ie-driver\3.141.59\selenium-ie-driver-3.141.59.jar;C:\Users\samle\.m2\repository\org\seleniumhq\selenium\selenium-opera-driver\3.141.59\selenium-opera-driver-3.141.59.jar;C:\Users\samle\.m2\repository\org\seleniumhq\selenium\selenium-remote-driver\3.141.59\selenium-remote-driver-3.141.59.jar;C:\Users\samle\.m2\repository\org\seleniumhq\selenium\selenium-safari-driver\3.141.59\selenium-safari-driver-3.141.59.jar;C:\Users\samle\.m2\repository\org\seleniumhq\selenium\selenium-support\3.141.59\selenium-support-3.141.59.jar;C:\Users\samle\.m2\repository\net\bytebuddy\byte-buddy\1.8.15\byte-buddy-1.8.15.jar;C:\Users\samle\.m2\repository\org\apache\commons\commons-exec\1.3\commons-exec-1.3.jar;C:\Users\samle\.m2\repository\com\google\guava\guava\25.0-jre\guava-25.0-jre.jar;C:\Users\samle\.m2\repository\com\google\code\findbugs\jsr305\1.3.9\jsr305-1.3.9.jar;C:\Users\samle\.m2\repository\org\checkerframework\checker-compat-qual\2.0.0\checker-compat-qual-2.0.0.jar;C:\Users\samle\.m2\repository\com\google\errorprone\error_prone_annotations\2.1.3\error_prone_annotations-2.1.3.jar;C:\Users\samle\.m2\repository\com\google\j2objc\j2objc-annotations\1.1\j2objc-annotations-1.1.jar;C:\Users\samle\.m2\repository\org\codehaus\mojo\animal-sniffer-annotations\1.14\animal-sniffer-annotations-1.14.jar;C:\Users\samle\.m2\repository\com\squareup\okhttp3\okhttp\3.11.0\okhttp-3.11.0.jar;C:\Users\samle\.m2\repository\com\squareup\okio\okio\1.14.0\okio-1.14.0.jar;C:\Users\samle\.m2\repository\log4j\log4j\1.2.17\log4j-1.2.17.jar;C:\Users\samle\.m2\repository\org\testng\testng\7.3.0\testng-7.3.0.jar;C:\Users\samle\.m2\repository\com\beust\jcommander\1.78\jcommander-1.78.jar;C:\Users\samle\.m2\repository\org\apache\ant\ant\1.10.3\ant-1.10.3.jar;C:\Users\samle\.m2\repository\org\apache\ant\ant-launcher\1.10.3\ant-launcher-1.10.3.jar;C:\Users\samle\.m2\repository\junit\junit\4.12\junit-4.12.jar;C:\Users\samle\.m2\repository\org\hamcrest\hamcrest-core\1.3\hamcrest-core-1.3.jar;C:\Users\samle\.m2\repository\com\google\inject\guice\4.2.2\guice-4.2.2-no_aop.jar;C:\Users\samle\.m2\repository\javax\inject\javax.inject\1\javax.inject-1.jar;C:\Users\samle\.m2\repository\aopalliance\aopalliance\1.0\aopalliance-1.0.jar;C:\Users\samle\.m2\repository\org\yaml\snakeyaml\1.21\snakeyaml-1.21.jar;C:\Users\samle\.m2\repository\com\github\javafaker\javafaker\0.17.2\javafaker-0.17.2.jar;C:\Users\samle\.m2\repository\org\apache\commons\commons-lang3\3.5\commons-lang3-3.5.jar;C:\Users\samle\.m2\repository\org\yaml\snakeyaml\1.23\snakeyaml-1.23-android.jar;C:\Users\samle\.m2\repository\com\github\mifmif\generex\1.0.2\generex-1.0.2.jar;C:\Users\samle\.m2\repository\dk\brics\automaton\automaton\1.11-8\automaton-1.11-8.jar;C:\Users\samle\.m2\repository\com\relevantcodes\extentreports\2.41.2\extentreports-2.41.2.jar;C:\Users\samle\.m2\repository\org\jsoup\jsoup\1.8.3\jsoup-1.8.3.jar;C:\Users\samle\.m2\repository\org\xerial\sqlite-jdbc\3.8.11.1\sqlite-jdbc-3.8.11.1.jar;C:\Users\samle\.m2\repository\org\freemarker\freemarker\2.3.23\freemarker-2.3.23.jar;C:\Users\samle\.m2\repository\org\mongodb\mongodb-driver\3.0.4\mongodb-driver-3.0.4.jar;C:\Users\samle\.m2\repository\org\mongodb\bson\3.0.4\bson-3.0.4.jar;C:\Users\samle\.m2\repository\org\mongodb\mongodb-driver-core\3.0.4\mongodb-driver-core-3.0.4.jar;C:\Users\samle\.m2\repository\io\github\bonigarcia\webdrivermanager\4.4.3\webdrivermanager-4.4.3.jar;C:\Users\samle\.m2\repository\org\slf4j\slf4j-api\1.7.30\slf4j-api-1.7.30.jar;C:\Users\samle\.m2\repository\commons-io\commons-io\2.8.0\commons-io-2.8.0.jar;C:\Users\samle\.m2\repository\com\google\code\gson\gson\2.8.6\gson-2.8.6.jar;C:\Users\samle\.m2\repository\org\apache\httpcomponents\client5\httpclient5\5.0.3\httpclient5-5.0.3.jar;C:\Users\samle\.m2\repository\org\apache\httpcomponents\core5\httpcore5\5.0.2\httpcore5-5.0.2.jar;C:\Users\samle\.m2\repository\org\apache\httpcomponents\core5\httpcore5-h2\5.0.2\httpcore5-h2-5.0.2.jar;C:\Users\samle\.m2\repository\commons-codec\commons-codec\1.13\commons-codec-1.13.jar;C:\Users\samle\.m2\repository\org\rauschig\jarchivelib\1.1.0\jarchivelib-1.1.0.jar;C:\Users\samle\.m2\repository\org\apache\commons\commons-compress\1.20\commons-compress-1.20.jar;C:\Users\samle\.m2\repository\org\apache\maven\plugins\maven-resources-plugin\2.5\maven-resources-plugin-2.5.jar;C:\Users\samle\.m2\repository\org\apache\maven\maven-plugin-api\2.0.6\maven-plugin-api-2.0.6.jar;C:\Users\samle\.m2\repository\org\apache\maven\maven-project\2.0.6\maven-project-2.0.6.jar;C:\Users\samle\.m2\repository\org\apache\maven\maven-profile\2.0.6\maven-profile-2.0.6.jar;C:\Users\samle\.m2\repository\org\apache\maven\maven-artifact-manager\2.0.6\maven-artifact-manager-2.0.6.jar;C:\Users\samle\.m2\repository\org\apache\maven\maven-plugin-registry\2.0.6\maven-plugin-registry-2.0.6.jar;C:\Users\samle\.m2\repository\org\apache\maven\maven-core\2.0.6\maven-core-2.0.6.jar;C:\Users\samle\.m2\repository\org\apache\maven\wagon\wagon-file\1.0-beta-2\wagon-file-1.0-beta-2.jar;C:\Users\samle\.m2\repository\org\apache\maven\maven-plugin-parameter-documenter\2.0.6\maven-plugin-parameter-documenter-2.0.6.jar;C:\Users\samle\.m2\repository\org\apache\maven\wagon\wagon-http-lightweight\1.0-beta-2\wagon-http-lightweight-1.0-beta-2.jar;C:\Users\samle\.m2\repository\org\apache\maven\wagon\wagon-http-shared\1.0-beta-2\wagon-http-shared-1.0-beta-2.jar;C:\Users\samle\.m2\repository\jtidy\jtidy\4aug2000r7-dev\jtidy-4aug2000r7-dev.jar;C:\Users\samle\.m2\repository\xml-apis\xml-apis\1.0.b2\xml-apis-1.0.b2.jar;C:\Users\samle\.m2\repository\org\apache\maven\reporting\maven-reporting-api\2.0.6\maven-reporting-api-2.0.6.jar;C:\Users\samle\.m2\repository\org\apache\maven\doxia\doxia-sink-api\1.0-alpha-7\doxia-sink-api-1.0-alpha-7.jar;C:\Users\samle\.m2\repository\org\apache\maven\wagon\wagon-provider-api\1.0-beta-2\wagon-provider-api-1.0-beta-2.jar;C:\Users\samle\.m2\repository\org\apache\maven\maven-repository-metadata\2.0.6\maven-repository-metadata-2.0.6.jar;C:\Users\samle\.m2\repository\org\apache\maven\maven-error-diagnostics\2.0.6\maven-error-diagnostics-2.0.6.jar;C:\Users\samle\.m2\repository\commons-cli\commons-cli\1.0\commons-cli-1.0.jar;C:\Users\samle\.m2\repository\org\apache\maven\wagon\wagon-ssh-external\1.0-beta-2\wagon-ssh-external-1.0-beta-2.jar;C:\Users\samle\.m2\repository\org\apache\maven\wagon\wagon-ssh-common\1.0-beta-2\wagon-ssh-common-1.0-beta-2.jar;C:\Users\samle\.m2\repository\org\apache\maven\maven-plugin-descriptor\2.0.6\maven-plugin-descriptor-2.0.6.jar;C:\Users\samle\.m2\repository\org\codehaus\plexus\plexus-interactivity-api\1.0-alpha-4\plexus-interactivity-api-1.0-alpha-4.jar;C:\Users\samle\.m2\repository\org\apache\maven\wagon\wagon-ssh\1.0-beta-2\wagon-ssh-1.0-beta-2.jar;C:\Users\samle\.m2\repository\com\jcraft\jsch\0.1.27\jsch-0.1.27.jar;C:\Users\samle\.m2\repository\classworlds\classworlds\1.1\classworlds-1.1.jar;C:\Users\samle\.m2\repository\org\apache\maven\maven-artifact\2.0.6\maven-artifact-2.0.6.jar;C:\Users\samle\.m2\repository\org\apache\maven\maven-settings\2.0.6\maven-settings-2.0.6.jar;C:\Users\samle\.m2\repository\org\apache\maven\maven-model\2.0.6\maven-model-2.0.6.jar;C:\Users\samle\.m2\repository\org\apache\maven\maven-monitor\2.0.6\maven-monitor-2.0.6.jar;C:\Users\samle\.m2\repository\org\codehaus\plexus\plexus-container-default\1.0-alpha-9-stable-1\plexus-container-default-1.0-alpha-9-stable-1.jar;C:\Users\samle\.m2\repository\org\codehaus\plexus\plexus-utils\2.0.5\plexus-utils-2.0.5.jar;C:\Users\samle\.m2\repository\org\apache\maven\shared\maven-filtering\1.0\maven-filtering-1.0.jar;C:\Users\samle\.m2\repository\org\sonatype\plexus\plexus-build-api\0.0.4\plexus-build-api-0.0.4.jar;C:\Users\samle\.m2\repository\org\codehaus\plexus\plexus-interpolation\1.13\plexus-interpolation-1.13.jar;"/>
    <property name="configPath" value="./env/prod.properties"/>
    <property name="java.vm.vendor" value="Oracle Corporation"/>
    <property name="sun.arch.data.model" value="64"/>
    <property name="user.variant" value=""/>
    <property name="java.vendor.url" value="https://openjdk.java.net/"/>
    <property name="user.timezone" value="Asia/Calcutta"/>
    <property name="browserName" value="chrome"/>
    <property name="java.vm.specification.version" value="11"/>
    <property name="os.name" value="Windows 11"/>
    <property name="sun.java.launcher" value="SUN_STANDARD"/>
    <property name="user.country" value="IN"/>
    <property name="sun.boot.library.path" value="C:\Program Files\Java\jdk-11.0.15.1\bin"/>
    <property name="sun.java.command" value="C:\Users\samle\AppData\Local\Temp\surefire8329180878473731646\surefirebooter13207288178580022592.jar C:\Users\samle\AppData\Local\Temp\surefire8329180878473731646 2022-06-13T14-10-09_370-jvmRun1 surefire6475321818824700927tmp surefire_01072694927588083218tmp"/>
    <property name="jdk.debug" value="release"/>
    <property name="surefire.test.class.path" value="C:\Users\samle\Downloads\PerxTech\target\test-classes;C:\Users\samle\Downloads\PerxTech\target\classes;C:\Users\samle\.m2\repository\org\seleniumhq\selenium\selenium-java\3.141.59\selenium-java-3.141.59.jar;C:\Users\samle\.m2\repository\org\seleniumhq\selenium\selenium-api\3.141.59\selenium-api-3.141.59.jar;C:\Users\samle\.m2\repository\org\seleniumhq\selenium\selenium-chrome-driver\3.141.59\selenium-chrome-driver-3.141.59.jar;C:\Users\samle\.m2\repository\org\seleniumhq\selenium\selenium-edge-driver\3.141.59\selenium-edge-driver-3.141.59.jar;C:\Users\samle\.m2\repository\org\seleniumhq\selenium\selenium-firefox-driver\3.141.59\selenium-firefox-driver-3.141.59.jar;C:\Users\samle\.m2\repository\org\seleniumhq\selenium\selenium-ie-driver\3.141.59\selenium-ie-driver-3.141.59.jar;C:\Users\samle\.m2\repository\org\seleniumhq\selenium\selenium-opera-driver\3.141.59\selenium-opera-driver-3.141.59.jar;C:\Users\samle\.m2\repository\org\seleniumhq\selenium\selenium-remote-driver\3.141.59\selenium-remote-driver-3.141.59.jar;C:\Users\samle\.m2\repository\org\seleniumhq\selenium\selenium-safari-driver\3.141.59\selenium-safari-driver-3.141.59.jar;C:\Users\samle\.m2\repository\org\seleniumhq\selenium\selenium-support\3.141.59\selenium-support-3.141.59.jar;C:\Users\samle\.m2\repository\net\bytebuddy\byte-buddy\1.8.15\byte-buddy-1.8.15.jar;C:\Users\samle\.m2\repository\org\apache\commons\commons-exec\1.3\commons-exec-1.3.jar;C:\Users\samle\.m2\repository\com\google\guava\guava\25.0-jre\guava-25.0-jre.jar;C:\Users\samle\.m2\repository\com\google\code\findbugs\jsr305\1.3.9\jsr305-1.3.9.jar;C:\Users\samle\.m2\repository\org\checkerframework\checker-compat-qual\2.0.0\checker-compat-qual-2.0.0.jar;C:\Users\samle\.m2\repository\com\google\errorprone\error_prone_annotations\2.1.3\error_prone_annotations-2.1.3.jar;C:\Users\samle\.m2\repository\com\google\j2objc\j2objc-annotations\1.1\j2objc-annotations-1.1.jar;C:\Users\samle\.m2\repository\org\codehaus\mojo\animal-sniffer-annotations\1.14\animal-sniffer-annotations-1.14.jar;C:\Users\samle\.m2\repository\com\squareup\okhttp3\okhttp\3.11.0\okhttp-3.11.0.jar;C:\Users\samle\.m2\repository\com\squareup\okio\okio\1.14.0\okio-1.14.0.jar;C:\Users\samle\.m2\repository\log4j\log4j\1.2.17\log4j-1.2.17.jar;C:\Users\samle\.m2\repository\org\testng\testng\7.3.0\testng-7.3.0.jar;C:\Users\samle\.m2\repository\com\beust\jcommander\1.78\jcommander-1.78.jar;C:\Users\samle\.m2\repository\org\apache\ant\ant\1.10.3\ant-1.10.3.jar;C:\Users\samle\.m2\repository\org\apache\ant\ant-launcher\1.10.3\ant-launcher-1.10.3.jar;C:\Users\samle\.m2\repository\junit\junit\4.12\junit-4.12.jar;C:\Users\samle\.m2\repository\org\hamcrest\hamcrest-core\1.3\hamcrest-core-1.3.jar;C:\Users\samle\.m2\repository\com\google\inject\guice\4.2.2\guice-4.2.2-no_aop.jar;C:\Users\samle\.m2\repository\javax\inject\javax.inject\1\javax.inject-1.jar;C:\Users\samle\.m2\repository\aopalliance\aopalliance\1.0\aopalliance-1.0.jar;C:\Users\samle\.m2\repository\org\yaml\snakeyaml\1.21\snakeyaml-1.21.jar;C:\Users\samle\.m2\repository\com\github\javafaker\javafaker\0.17.2\javafaker-0.17.2.jar;C:\Users\samle\.m2\repository\org\apache\commons\commons-lang3\3.5\commons-lang3-3.5.jar;C:\Users\samle\.m2\repository\org\yaml\snakeyaml\1.23\snakeyaml-1.23-android.jar;C:\Users\samle\.m2\repository\com\github\mifmif\generex\1.0.2\generex-1.0.2.jar;C:\Users\samle\.m2\repository\dk\brics\automaton\automaton\1.11-8\automaton-1.11-8.jar;C:\Users\samle\.m2\repository\com\relevantcodes\extentreports\2.41.2\extentreports-2.41.2.jar;C:\Users\samle\.m2\repository\org\jsoup\jsoup\1.8.3\jsoup-1.8.3.jar;C:\Users\samle\.m2\repository\org\xerial\sqlite-jdbc\3.8.11.1\sqlite-jdbc-3.8.11.1.jar;C:\Users\samle\.m2\repository\org\freemarker\freemarker\2.3.23\freemarker-2.3.23.jar;C:\Users\samle\.m2\repository\org\mongodb\mongodb-driver\3.0.4\mongodb-driver-3.0.4.jar;C:\Users\samle\.m2\repository\org\mongodb\bson\3.0.4\bson-3.0.4.jar;C:\Users\samle\.m2\repository\org\mongodb\mongodb-driver-core\3.0.4\mongodb-driver-core-3.0.4.jar;C:\Users\samle\.m2\repository\io\github\bonigarcia\webdrivermanager\4.4.3\webdrivermanager-4.4.3.jar;C:\Users\samle\.m2\repository\org\slf4j\slf4j-api\1.7.30\slf4j-api-1.7.30.jar;C:\Users\samle\.m2\repository\commons-io\commons-io\2.8.0\commons-io-2.8.0.jar;C:\Users\samle\.m2\repository\com\google\code\gson\gson\2.8.6\gson-2.8.6.jar;C:\Users\samle\.m2\repository\org\apache\httpcomponents\client5\httpclient5\5.0.3\httpclient5-5.0.3.jar;C:\Users\samle\.m2\repository\org\apache\httpcomponents\core5\httpcore5\5.0.2\httpcore5-5.0.2.jar;C:\Users\samle\.m2\repository\org\apache\httpcomponents\core5\httpcore5-h2\5.0.2\httpcore5-h2-5.0.2.jar;C:\Users\samle\.m2\repository\commons-codec\commons-codec\1.13\commons-codec-1.13.jar;C:\Users\samle\.m2\repository\org\rauschig\jarchivelib\1.1.0\jarchivelib-1.1.0.jar;C:\Users\samle\.m2\repository\org\apache\commons\commons-compress\1.20\commons-compress-1.20.jar;C:\Users\samle\.m2\repository\org\apache\maven\plugins\maven-resources-plugin\2.5\maven-resources-plugin-2.5.jar;C:\Users\samle\.m2\repository\org\apache\maven\maven-plugin-api\2.0.6\maven-plugin-api-2.0.6.jar;C:\Users\samle\.m2\repository\org\apache\maven\maven-project\2.0.6\maven-project-2.0.6.jar;C:\Users\samle\.m2\repository\org\apache\maven\maven-profile\2.0.6\maven-profile-2.0.6.jar;C:\Users\samle\.m2\repository\org\apache\maven\maven-artifact-manager\2.0.6\maven-artifact-manager-2.0.6.jar;C:\Users\samle\.m2\repository\org\apache\maven\maven-plugin-registry\2.0.6\maven-plugin-registry-2.0.6.jar;C:\Users\samle\.m2\repository\org\apache\maven\maven-core\2.0.6\maven-core-2.0.6.jar;C:\Users\samle\.m2\repository\org\apache\maven\wagon\wagon-file\1.0-beta-2\wagon-file-1.0-beta-2.jar;C:\Users\samle\.m2\repository\org\apache\maven\maven-plugin-parameter-documenter\2.0.6\maven-plugin-parameter-documenter-2.0.6.jar;C:\Users\samle\.m2\repository\org\apache\maven\wagon\wagon-http-lightweight\1.0-beta-2\wagon-http-lightweight-1.0-beta-2.jar;C:\Users\samle\.m2\repository\org\apache\maven\wagon\wagon-http-shared\1.0-beta-2\wagon-http-shared-1.0-beta-2.jar;C:\Users\samle\.m2\repository\jtidy\jtidy\4aug2000r7-dev\jtidy-4aug2000r7-dev.jar;C:\Users\samle\.m2\repository\xml-apis\xml-apis\1.0.b2\xml-apis-1.0.b2.jar;C:\Users\samle\.m2\repository\org\apache\maven\reporting\maven-reporting-api\2.0.6\maven-reporting-api-2.0.6.jar;C:\Users\samle\.m2\repository\org\apache\maven\doxia\doxia-sink-api\1.0-alpha-7\doxia-sink-api-1.0-alpha-7.jar;C:\Users\samle\.m2\repository\org\apache\maven\wagon\wagon-provider-api\1.0-beta-2\wagon-provider-api-1.0-beta-2.jar;C:\Users\samle\.m2\repository\org\apache\maven\maven-repository-metadata\2.0.6\maven-repository-metadata-2.0.6.jar;C:\Users\samle\.m2\repository\org\apache\maven\maven-error-diagnostics\2.0.6\maven-error-diagnostics-2.0.6.jar;C:\Users\samle\.m2\repository\commons-cli\commons-cli\1.0\commons-cli-1.0.jar;C:\Users\samle\.m2\repository\org\apache\maven\wagon\wagon-ssh-external\1.0-beta-2\wagon-ssh-external-1.0-beta-2.jar;C:\Users\samle\.m2\repository\org\apache\maven\wagon\wagon-ssh-common\1.0-beta-2\wagon-ssh-common-1.0-beta-2.jar;C:\Users\samle\.m2\repository\org\apache\maven\maven-plugin-descriptor\2.0.6\maven-plugin-descriptor-2.0.6.jar;C:\Users\samle\.m2\repository\org\codehaus\plexus\plexus-interactivity-api\1.0-alpha-4\plexus-interactivity-api-1.0-alpha-4.jar;C:\Users\samle\.m2\repository\org\apache\maven\wagon\wagon-ssh\1.0-beta-2\wagon-ssh-1.0-beta-2.jar;C:\Users\samle\.m2\repository\com\jcraft\jsch\0.1.27\jsch-0.1.27.jar;C:\Users\samle\.m2\repository\classworlds\classworlds\1.1\classworlds-1.1.jar;C:\Users\samle\.m2\repository\org\apache\maven\maven-artifact\2.0.6\maven-artifact-2.0.6.jar;C:\Users\samle\.m2\repository\org\apache\maven\maven-settings\2.0.6\maven-settings-2.0.6.jar;C:\Users\samle\.m2\repository\org\apache\maven\maven-model\2.0.6\maven-model-2.0.6.jar;C:\Users\samle\.m2\repository\org\apache\maven\maven-monitor\2.0.6\maven-monitor-2.0.6.jar;C:\Users\samle\.m2\repository\org\codehaus\plexus\plexus-container-default\1.0-alpha-9-stable-1\plexus-container-default-1.0-alpha-9-stable-1.jar;C:\Users\samle\.m2\repository\org\codehaus\plexus\plexus-utils\2.0.5\plexus-utils-2.0.5.jar;C:\Users\samle\.m2\repository\org\apache\maven\shared\maven-filtering\1.0\maven-filtering-1.0.jar;C:\Users\samle\.m2\repository\org\sonatype\plexus\plexus-build-api\0.0.4\plexus-build-api-0.0.4.jar;C:\Users\samle\.m2\repository\org\codehaus\plexus\plexus-interpolation\1.13\plexus-interpolation-1.13.jar;"/>
    <property name="sun.cpu.endian" value="little"/>
    <property name="user.home" value="C:\Users\samle"/>
    <property name="user.language" value="en"/>
    <property name="java.specification.vendor" value="Oracle Corporation"/>
    <property name="java.version.date" value="2022-04-22"/>
    <property name="java.home" value="C:\Program Files\Java\jdk-11.0.15.1"/>
    <property name="file.separator" value="\"/>
    <property name="basedir" value="C:\Users\samle\Downloads\PerxTech"/>
    <property name="java.vm.compressedOopsMode" value="Zero based"/>
    <property name="line.separator" value="&#10;"/>
    <property name="java.specification.name" value="Java Platform API Specification"/>
    <property name="java.vm.specification.vendor" value="Oracle Corporation"/>
    <property name="java.awt.graphicsenv" value="sun.awt.Win32GraphicsEnvironment"/>
    <property name="surefire.real.class.path" value="C:\Users\samle\AppData\Local\Temp\surefire8329180878473731646\surefirebooter13207288178580022592.jar"/>
    <property name="user.script" value=""/>
    <property name="sun.management.compiler" value="HotSpot 64-Bit Tiered Compilers"/>
    <property name="java.runtime.version" value="11.0.15.1+2-LTS-10"/>
    <property name="user.name" value="samle"/>
    <property name="path.separator" value=";"/>
    <property name="os.version" value="10.0"/>
    <property name="java.runtime.name" value="Java(TM) SE Runtime Environment"/>
    <property name="file.encoding" value="Cp1252"/>
    <property name="java.vm.name" value="Java HotSpot(TM) 64-Bit Server VM"/>
    <property name="java.vendor.version" value="18.9"/>
    <property name="localRepository" value="C:\Users\samle\.m2\repository"/>
    <property name="java.vendor.url.bug" value="https://bugreport.java.com/bugreport/"/>
    <property name="java.io.tmpdir" value="C:\Users\samle\AppData\Local\Temp\"/>
    <property name="java.version" value="11.0.15.1"/>
    <property name="user.dir" value="C:\Users\samle\Downloads\PerxTech"/>
    <property name="os.arch" value="amd64"/>
    <property name="java.vm.specification.name" value="Java Virtual Machine Specification"/>
    <property name="java.awt.printerjob" value="sun.awt.windows.WPrinterJob"/>
    <property name="sun.os.patch.level" value=""/>
    <property name="java.library.path" value="C:\Program Files\Java\jdk-11.0.15.1\bin;C:\Windows\Sun\Java\bin;C:\Windows\system32;C:\Windows;C:\Program Files\Common Files\Oracle\Java\javapath;C:\Windows\system32;C:\Windows;C:\Windows\System32\Wbem;C:\Windows\System32\WindowsPowerShell\v1.0\;C:\Windows\System32\OpenSSH\;C:\Program Files\Java\jdk-11.0.15.1\bin;C:\Program Files\Java\jdk-11.0.15.1\lib;C:\Program Files\Java\jdk-11.0.15.1;C:\Program Files\apache-maven-3.8.5;C:\Program Files\apache-maven-3.8.5\bin;C:\Program Files\apache-maven-3.8.5\lib;C:\Users\samle\AppData\Local\Microsoft\WindowsApps;;."/>
    <property name="java.vendor" value="Oracle Corporation"/>
    <property name="java.vm.info" value="mixed mode"/>
    <property name="java.vm.version" value="11.0.15.1+2-LTS-10"/>
    <property name="sun.io.unicode.encoding" value="UnicodeLittle"/>
    <property name="java.class.version" value="55.0"/>
  </properties>
  <testcase name="verifyNewlyUploadedFileReflectsInListTest" classname="testCases.BulkActionsTest" time="13.167"/>
  <testcase name="verifyUserAbleToUploadCsvTypeFileTest" classname="testCases.BulkActionsTest" time="8.976"/>
  <testcase name="verifyUserAbleToUploadExcelTypeFile" classname="testCases.BulkActionsTest" time="11.615">
    <failure message="The following asserts failed:&#10;	Excel type file not accepted expected [true] but found [false]" type="java.lang.AssertionError"><![CDATA[java.lang.AssertionError: 
The following asserts failed:
	Excel type file not accepted expected [true] but found [false]
	at testCases.BulkActionsTest.verifyUserAbleToUploadExcelTypeFile(BulkActionsTest.java:37)
]]></failure>
    <system-out><![CDATA[2022-06-13 14:10:54 INFO  ListenerTest:63 - *******************testCases.BulkActionsTest.verifyUserAbleToUploadExcelTypeFile started*******************
 2022-06-13 14:10:54 INFO  JavaScriptHelper:27 - arguments[0].scrollIntoView()
 2022-06-13 14:10:54 INFO  JavaScriptHelper:47 - scrolled into view of : [[ChromeDriver: chrome on WINDOWS (71274427cc682782846fbc9496998fbb)] -> xpath: //input[@id='email']]
 2022-06-13 14:10:55 INFO  LoginPage:73 - Entered email : thao+test-qa-interview@perxtech.com
 2022-06-13 14:10:55 INFO  JavaScriptHelper:27 - arguments[0].scrollIntoView()
 2022-06-13 14:10:55 INFO  JavaScriptHelper:47 - scrolled into view of : [[ChromeDriver: chrome on WINDOWS (71274427cc682782846fbc9496998fbb)] -> xpath: //input[@id='password']]
 2022-06-13 14:10:55 INFO  LoginPage:75 - Entered password : admin1234
 2022-06-13 14:10:55 INFO  LoginPage:77 - clicked on login button
 2022-06-13 14:10:58 INFO  OverviewPage:110 - clicked on bulk actions section 
 2022-06-13 14:10:58 INFO  BulkActionsPage:53 - clicked on upload button
 2022-06-13 14:10:58 INFO  BulkActionsPage:55 - clicked on file drop area 
 2022-06-13 14:10:58 INFO  BulkActionsPage:57 - clicked on upload button on form and uploaded file
 2022-06-13 14:10:58 INFO  BulkActionsPage:58 - Uploading file : sampleExcel.xlsx
 2022-06-13 14:10:58 INFO  BulkActionsPage:59 - uploading file of type : xlsx
 2022-06-13 14:11:03 INFO  BulkActionsPage:63 - Alert poped up as : Error uploading file.
 ]]></system-out>
    <system-err><![CDATA[Starting ChromeDriver 102.0.5005.61 (0e59bcc00cc4985ce39ad31c150065f159d95ad3-refs/branch-heads/5005@{#819}) on port 50599
Only local connections are allowed.
Please see https://chromedriver.chromium.org/security-considerations for suggestions on keeping ChromeDriver safe.
ChromeDriver was started successfully.
Jun 13, 2022 2:10:51 PM org.openqa.selenium.remote.ProtocolHandshake createSession
INFO: Detected dialect: W3C
]]></system-err>
  </testcase>
  <testcase name="verifyUserAbleToUploadTxtTypeFileTest" classname="testCases.BulkActionsTest" time="11.776">
    <failure message="The following asserts failed:&#10;	Text type file not accepted expected [true] but found [false]" type="java.lang.AssertionError"><![CDATA[java.lang.AssertionError: 
The following asserts failed:
	Text type file not accepted expected [true] but found [false]
	at testCases.BulkActionsTest.verifyUserAbleToUploadTxtTypeFileTest(BulkActionsTest.java:51)
]]></failure>
    <system-out><![CDATA[2022-06-13 14:11:10 INFO  ListenerTest:63 - *******************testCases.BulkActionsTest.verifyUserAbleToUploadTxtTypeFileTest started*******************
 2022-06-13 14:11:10 INFO  JavaScriptHelper:27 - arguments[0].scrollIntoView()
 2022-06-13 14:11:10 INFO  JavaScriptHelper:47 - scrolled into view of : [[ChromeDriver: chrome on WINDOWS (8360d1772b1300c4b2cca9d74790fb7e)] -> xpath: //input[@id='email']]
 2022-06-13 14:11:11 INFO  LoginPage:73 - Entered email : thao+test-qa-interview@perxtech.com
 2022-06-13 14:11:11 INFO  JavaScriptHelper:27 - arguments[0].scrollIntoView()
 2022-06-13 14:11:11 INFO  JavaScriptHelper:47 - scrolled into view of : [[ChromeDriver: chrome on WINDOWS (8360d1772b1300c4b2cca9d74790fb7e)] -> xpath: //input[@id='password']]
 2022-06-13 14:11:11 INFO  LoginPage:75 - Entered password : admin1234
 2022-06-13 14:11:11 INFO  LoginPage:77 - clicked on login button
 2022-06-13 14:11:14 INFO  OverviewPage:110 - clicked on bulk actions section 
 2022-06-13 14:11:14 INFO  BulkActionsPage:53 - clicked on upload button
 2022-06-13 14:11:15 INFO  BulkActionsPage:55 - clicked on file drop area 
 2022-06-13 14:11:15 INFO  BulkActionsPage:57 - clicked on upload button on form and uploaded file
 2022-06-13 14:11:15 INFO  BulkActionsPage:58 - Uploading file : sampleText.txt
 2022-06-13 14:11:15 INFO  BulkActionsPage:59 - uploading file of type : txt
 2022-06-13 14:11:19 INFO  BulkActionsPage:63 - Alert poped up as : Error uploading file.
 ]]></system-out>
    <system-err><![CDATA[Starting ChromeDriver 102.0.5005.61 (0e59bcc00cc4985ce39ad31c150065f159d95ad3-refs/branch-heads/5005@{#819}) on port 8011
Only local connections are allowed.
Please see https://chromedriver.chromium.org/security-considerations for suggestions on keeping ChromeDriver safe.
ChromeDriver was started successfully.
Jun 13, 2022 2:11:07 PM org.openqa.selenium.remote.ProtocolHandshake createSession
INFO: Detected dialect: W3C
]]></system-err>
  </testcase>
  <testcase name="verifyUserNotAbleToUploadPDFTypeFileTest" classname="testCases.BulkActionsTest" time="8.375"/>
  <testcase name="verifyAdminHasSufficientPermissionToVisitBulkFileUploadPage" classname="testCases.OverviewTest" time="3.429"/>
  <testcase name="verifyRewardAdminDoesNotHaveAccessToOtherSectionsTest" classname="testCases.OverviewTest" time="102.731"/>
  <testcase name="verifyRewardAdminHasSufficientPermissionToCreateRewardTest" classname="testCases.OverviewTest" time="2.489"/>
  <testcase name="newlyCreatedRewardPresentInListTest" classname="testCases.RewardsTest" time="15.013"/>
  <testcase name="verifyClickingCreateNewButtonLeadsToRewardCreationPageTest" classname="testCases.RewardsTest" time="5.049"/>
  <testcase name="verifyBrandsTagsCategoriesLabelsFieldDisappersInPrivateTypeRewardTest" classname="testCases.RewardCreationTest" time="12.959">
    <failure message="The following asserts failed:&#10;	fields did not disappear on private type of reward expected [true] but found [false]" type="java.lang.AssertionError"><![CDATA[java.lang.AssertionError: 
The following asserts failed:
	fields did not disappear on private type of reward expected [true] but found [false]
	at testCases.RewardCreationTest.verifyBrandsTagsCategoriesLabelsFieldDisappersInPrivateTypeRewardTest(RewardCreationTest.java:65)
]]></failure>
    <system-out><![CDATA[2022-06-13 14:14:09 INFO  ListenerTest:63 - *******************testCases.RewardCreationTest.verifyBrandsTagsCategoriesLabelsFieldDisappersInPrivateTypeRewardTest started*******************
 2022-06-13 14:14:09 INFO  JavaScriptHelper:27 - arguments[0].scrollIntoView()
 2022-06-13 14:14:09 INFO  JavaScriptHelper:47 - scrolled into view of : [[ChromeDriver: chrome on WINDOWS (1180ad05c2a4037f59940103a18eb00e)] -> xpath: //input[@id='email']]
 2022-06-13 14:14:09 INFO  LoginPage:52 - Entered email : thao+reward-test-qa-interview@perxtech.com
 2022-06-13 14:14:10 INFO  JavaScriptHelper:27 - arguments[0].scrollIntoView()
 2022-06-13 14:14:10 INFO  JavaScriptHelper:47 - scrolled into view of : [[ChromeDriver: chrome on WINDOWS (1180ad05c2a4037f59940103a18eb00e)] -> xpath: //input[@id='password']]
 2022-06-13 14:14:10 INFO  LoginPage:54 - Entered password : reward_admin
 2022-06-13 14:14:10 INFO  LoginPage:56 - clicked on login button
 2022-06-13 14:14:16 INFO  OverviewPage:99 - clicked on rewards section 
 2022-06-13 14:14:17 INFO  BasePage:59 - inside catch after exception :ElementClickInterceptedException
 2022-06-13 14:14:17 INFO  ExplicitWait:138 - Waiting for element to be clickable: [[ChromeDriver: chrome on WINDOWS (1180ad05c2a4037f59940103a18eb00e)] -> xpath: //span[text()='Create New']]
 2022-06-13 14:14:17 INFO  RewardsPage:34 - clicked on Create New button
 2022-06-13 14:14:18 INFO  RewardsPage:38 - User navigated to Reward creation page : true
 2022-06-13 14:14:18 INFO  RewardCreationPage:190 - Brands field present on priavte type of reward : true
 2022-06-13 14:14:18 INFO  RewardCreationPage:192 - tags field present on priavte type of reward : true
 2022-06-13 14:14:18 INFO  RewardCreationPage:194 - categories field present on priavte type of reward : true
 2022-06-13 14:14:19 INFO  RewardCreationPage:196 - lables field present on priavte type of reward : true
 ]]></system-out>
    <system-err><![CDATA[Starting ChromeDriver 102.0.5005.61 (0e59bcc00cc4985ce39ad31c150065f159d95ad3-refs/branch-heads/5005@{#819}) on port 52143
Only local connections are allowed.
Please see https://chromedriver.chromium.org/security-considerations for suggestions on keeping ChromeDriver safe.
ChromeDriver was started successfully.
Jun 13, 2022 2:14:06 PM org.openqa.selenium.remote.ProtocolHandshake createSession
INFO: Detected dialect: W3C
]]></system-err>
  </testcase>
  <testcase name="verifyRewardValidityPeriodHaveBothStartAndEndDatesTest" classname="testCases.RewardCreationTest" time="8.621"/>
  <testcase name="verifySuccessfulSubmissionHappensOnlyWhenPayloadContainsMandInfoTest" classname="testCases.RewardCreationTest" time="14.366"/>
</testsuite>